
C:\Users\Kin\Desktop\C\dd_work\Win32\Debug\Qt5Cored.dll
C:\Users\Kin\Desktop\C\dd_work\Win32\Debug\zlibd1.dll
C:\Users\Kin\Desktop\C\dd_work\Win32\Debug\pcre16d.dll
C:\Users\Kin\Desktop\C\dd_work\Win32\Debug\double-conversion.dll
C:\Users\Kin\Desktop\C\dd_work\Win32\Debug\Qt5Guid.dll
C:\Users\Kin\Desktop\C\dd_work\Win32\Debug\platforms\qwindowsd.dll
C:\Users\Kin\Desktop\C\dd_work\Win32\Debug\imageformats\qgifd.dll
C:\Users\Kin\Desktop\C\dd_work\Win32\Debug\imageformats\qicnsd.dll
C:\Users\Kin\Desktop\C\dd_work\Win32\Debug\imageformats\qicod.dll
C:\Users\Kin\Desktop\C\dd_work\Win32\Debug\imageformats\qjpegd.dll
C:\Users\Kin\Desktop\C\dd_work\Win32\Debug\imageformats\qsvgd.dll
C:\Users\Kin\Desktop\C\dd_work\Win32\Debug\imageformats\qtgad.dll
C:\Users\Kin\Desktop\C\dd_work\Win32\Debug\imageformats\qtiffd.dll
C:\Users\Kin\Desktop\C\dd_work\Win32\Debug\imageformats\qwbmpd.dll
C:\Users\Kin\Desktop\C\dd_work\Win32\Debug\imageformats\qwebpd.dll
C:\Users\Kin\Desktop\C\dd_work\Win32\Debug\iconengines\qsvgicond.dll
C:\Users\Kin\Desktop\C\dd_work\Win32\Debug\platforminputcontexts\qtvirtualkeyboardplugind.dll
C:\Users\Kin\Desktop\C\dd_work\Win32\Debug\libpng16d.dll
C:\Users\Kin\Desktop\C\dd_work\Win32\Debug\harfbuzz.dll
C:\Users\Kin\Desktop\C\dd_work\Win32\Debug\freetyped.dll
C:\Users\Kin\Desktop\C\dd_work\Win32\Debug\libbz2d.dll
C:\Users\Kin\Desktop\C\dd_work\Win32\Debug\glib-2.dll
C:\Users\Kin\Desktop\C\dd_work\Win32\Debug\pcred.dll
C:\Users\Kin\Desktop\C\dd_work\Win32\Debug\libiconv.dll
C:\Users\Kin\Desktop\C\dd_work\Win32\Debug\libcharset.dll
C:\Users\Kin\Desktop\C\dd_work\Win32\Debug\libintl.dll
C:\Users\Kin\Desktop\C\dd_work\Win32\Debug\Qt5Widgetsd.dll
