
C:\Users\Kin\Desktop\C\dd_work\Win32\Release\Qt5Core.dll
C:\Users\Kin\Desktop\C\dd_work\Win32\Release\zlib1.dll
C:\Users\Kin\Desktop\C\dd_work\Win32\Release\pcre16.dll
C:\Users\Kin\Desktop\C\dd_work\Win32\Release\double-conversion.dll
C:\Users\Kin\Desktop\C\dd_work\Win32\Release\Qt5Gui.dll
C:\Users\Kin\Desktop\C\dd_work\Win32\Release\platforms\qwindows.dll
C:\Users\Kin\Desktop\C\dd_work\Win32\Release\imageformats\qgif.dll
C:\Users\Kin\Desktop\C\dd_work\Win32\Release\imageformats\qicns.dll
C:\Users\Kin\Desktop\C\dd_work\Win32\Release\imageformats\qico.dll
C:\Users\Kin\Desktop\C\dd_work\Win32\Release\imageformats\qjpeg.dll
C:\Users\Kin\Desktop\C\dd_work\Win32\Release\imageformats\qsvg.dll
C:\Users\Kin\Desktop\C\dd_work\Win32\Release\imageformats\qtga.dll
C:\Users\Kin\Desktop\C\dd_work\Win32\Release\imageformats\qtiff.dll
C:\Users\Kin\Desktop\C\dd_work\Win32\Release\imageformats\qwbmp.dll
C:\Users\Kin\Desktop\C\dd_work\Win32\Release\imageformats\qwebp.dll
C:\Users\Kin\Desktop\C\dd_work\Win32\Release\iconengines\qsvgicon.dll
C:\Users\Kin\Desktop\C\dd_work\Win32\Release\platforminputcontexts\qtvirtualkeyboardplugin.dll
C:\Users\Kin\Desktop\C\dd_work\Win32\Release\libpng16.dll
C:\Users\Kin\Desktop\C\dd_work\Win32\Release\harfbuzz.dll
C:\Users\Kin\Desktop\C\dd_work\Win32\Release\freetype.dll
C:\Users\Kin\Desktop\C\dd_work\Win32\Release\libbz2.dll
C:\Users\Kin\Desktop\C\dd_work\Win32\Release\glib-2.dll
C:\Users\Kin\Desktop\C\dd_work\Win32\Release\pcre.dll
C:\Users\Kin\Desktop\C\dd_work\Win32\Release\libiconv.dll
C:\Users\Kin\Desktop\C\dd_work\Win32\Release\libcharset.dll
C:\Users\Kin\Desktop\C\dd_work\Win32\Release\libintl.dll
C:\Users\Kin\Desktop\C\dd_work\Win32\Release\Qt5Widgets.dll
